<?xml version="1.0" encoding="UTF-8"?>
<!-- Generated by org.testng.reporters.JUnitReportReporter -->
<testsuite hostname="Admin" failures="0" tests="1" name="com.template.TC_01_LogIn" time="1.117" errors="0" timestamp="10 Aug 2022 14:56:43 GMT" skipped="0">
  <testcase classname="com.template.TC_01_LogIn" name="TC01_LogIn_EmptyData" time="1.117"/>
</testsuite> <!-- com.template.TC_01_LogIn -->
